<?xml version="1.0" encoding="UTF-8"?>
<testsuite xmlns:xsi="http://www.w3.org/2001/XMLSchema-instance" xsi:noNamespaceSchemaLocation="https://maven.apache.org/surefire/maven-surefire-plugin/xsd/surefire-test-report-3.0.xsd" version="3.0" name="kryptografia.AESTest" time="0.049" tests="7" errors="0" skipped="0" failures="0">
  <properties>
    <property name="java.specification.version" value="17"/>
    <property name="sun.cpu.isalist" value="amd64"/>
    <property name="sun.jnu.encoding" value="Cp1250"/>
    <property name="java.class.path" value="C:\Users\Marcin\Desktop\Studia\Semestr4\kryptografia\Kryptografia\Zad1\target\test-classes;C:\Users\Marcin\Desktop\Studia\Semestr4\kryptografia\Kryptografia\Zad1\target\classes;C:\Users\Marcin\.m2\repository\org\junit\jupiter\junit-jupiter-engine\5.9.0\junit-jupiter-engine-5.9.0.jar;C:\Users\Marcin\.m2\repository\org\junit\platform\junit-platform-engine\1.9.0\junit-platform-engine-1.9.0.jar;C:\Users\Marcin\.m2\repository\org\opentest4j\opentest4j\1.2.0\opentest4j-1.2.0.jar;C:\Users\Marcin\.m2\repository\org\junit\platform\junit-platform-commons\1.9.0\junit-platform-commons-1.9.0.jar;C:\Users\Marcin\.m2\repository\org\junit\jupiter\junit-jupiter-api\5.9.0\junit-jupiter-api-5.9.0.jar;C:\Users\Marcin\.m2\repository\org\apiguardian\apiguardian-api\1.1.2\apiguardian-api-1.1.2.jar;C:\Users\Marcin\.m2\repository\junit\junit\4.12\junit-4.12.jar;C:\Users\Marcin\.m2\repository\org\hamcrest\hamcrest-core\1.3\hamcrest-core-1.3.jar;C:\Users\Marcin\.m2\repository\org\openjfx\javafx-graphics\14\javafx-graphics-14.jar;C:\Users\Marcin\.m2\repository\org\openjfx\javafx-graphics\14\javafx-graphics-14-win.jar;C:\Users\Marcin\.m2\repository\org\openjfx\javafx-base\14\javafx-base-14.jar;C:\Users\Marcin\.m2\repository\org\openjfx\javafx-base\14\javafx-base-14-win.jar;C:\Users\Marcin\.m2\repository\org\openjfx\javafx-controls\14\javafx-controls-14.jar;C:\Users\Marcin\.m2\repository\org\openjfx\javafx-controls\14\javafx-controls-14-win.jar;C:\Users\Marcin\.m2\repository\org\openjfx\javafx-fxml\16-ea+4\javafx-fxml-16-ea+4.jar;C:\Users\Marcin\.m2\repository\org\openjfx\javafx-fxml\16-ea+4\javafx-fxml-16-ea+4-win.jar;C:\Users\Marcin\.m2\repository\commons-codec\commons-codec\1.11\commons-codec-1.11.jar;C:\Users\Marcin\.m2\repository\org\apache\maven\shared\maven-shared-utils\3.3.3\maven-shared-utils-3.3.3.jar;C:\Users\Marcin\.m2\repository\commons-io\commons-io\2.6\commons-io-2.6.jar;"/>
    <property name="java.vm.vendor" value="Oracle Corporation"/>
    <property name="sun.arch.data.model" value="64"/>
    <property name="user.variant" value=""/>
    <property name="java.vendor.url" value="https://java.oracle.com/"/>
    <property name="user.timezone" value="Europe/Warsaw"/>
    <property name="os.name" value="Windows 10"/>
    <property name="java.vm.specification.version" value="17"/>
    <property name="sun.java.launcher" value="SUN_STANDARD"/>
    <property name="user.country" value="PL"/>
    <property name="sun.boot.library.path" value="C:\Program Files\jdk-17\bin"/>
    <property name="sun.java.command" value="C:\Users\Marcin\AppData\Local\Temp\surefire8648521989416145286\surefirebooter5009750527087712979.jar C:\Users\Marcin\AppData\Local\Temp\surefire8648521989416145286 2023-04-02T00-44-12_334-jvmRun1 surefire13335430762278828874tmp surefire_09490301936599700474tmp"/>
    <property name="jdk.debug" value="release"/>
    <property name="surefire.test.class.path" value="C:\Users\Marcin\Desktop\Studia\Semestr4\kryptografia\Kryptografia\Zad1\target\test-classes;C:\Users\Marcin\Desktop\Studia\Semestr4\kryptografia\Kryptografia\Zad1\target\classes;C:\Users\Marcin\.m2\repository\org\junit\jupiter\junit-jupiter-engine\5.9.0\junit-jupiter-engine-5.9.0.jar;C:\Users\Marcin\.m2\repository\org\junit\platform\junit-platform-engine\1.9.0\junit-platform-engine-1.9.0.jar;C:\Users\Marcin\.m2\repository\org\opentest4j\opentest4j\1.2.0\opentest4j-1.2.0.jar;C:\Users\Marcin\.m2\repository\org\junit\platform\junit-platform-commons\1.9.0\junit-platform-commons-1.9.0.jar;C:\Users\Marcin\.m2\repository\org\junit\jupiter\junit-jupiter-api\5.9.0\junit-jupiter-api-5.9.0.jar;C:\Users\Marcin\.m2\repository\org\apiguardian\apiguardian-api\1.1.2\apiguardian-api-1.1.2.jar;C:\Users\Marcin\.m2\repository\junit\junit\4.12\junit-4.12.jar;C:\Users\Marcin\.m2\repository\org\hamcrest\hamcrest-core\1.3\hamcrest-core-1.3.jar;C:\Users\Marcin\.m2\repository\org\openjfx\javafx-graphics\14\javafx-graphics-14.jar;C:\Users\Marcin\.m2\repository\org\openjfx\javafx-graphics\14\javafx-graphics-14-win.jar;C:\Users\Marcin\.m2\repository\org\openjfx\javafx-base\14\javafx-base-14.jar;C:\Users\Marcin\.m2\repository\org\openjfx\javafx-base\14\javafx-base-14-win.jar;C:\Users\Marcin\.m2\repository\org\openjfx\javafx-controls\14\javafx-controls-14.jar;C:\Users\Marcin\.m2\repository\org\openjfx\javafx-controls\14\javafx-controls-14-win.jar;C:\Users\Marcin\.m2\repository\org\openjfx\javafx-fxml\16-ea+4\javafx-fxml-16-ea+4.jar;C:\Users\Marcin\.m2\repository\org\openjfx\javafx-fxml\16-ea+4\javafx-fxml-16-ea+4-win.jar;C:\Users\Marcin\.m2\repository\commons-codec\commons-codec\1.11\commons-codec-1.11.jar;C:\Users\Marcin\.m2\repository\org\apache\maven\shared\maven-shared-utils\3.3.3\maven-shared-utils-3.3.3.jar;C:\Users\Marcin\.m2\repository\commons-io\commons-io\2.6\commons-io-2.6.jar;"/>
    <property name="sun.cpu.endian" value="little"/>
    <property name="user.home" value="C:\Users\Marcin"/>
    <property name="user.language" value="pl"/>
    <property name="java.specification.vendor" value="Oracle Corporation"/>
    <property name="java.version.date" value="2021-09-14"/>
    <property name="java.home" value="C:\Program Files\jdk-17"/>
    <property name="file.separator" value="\"/>
    <property name="basedir" value="C:\Users\Marcin\Desktop\Studia\Semestr4\kryptografia\Kryptografia\Zad1"/>
    <property name="java.vm.compressedOopsMode" value="Zero based"/>
    <property name="line.separator" value="&#10;"/>
    <property name="java.vm.specification.vendor" value="Oracle Corporation"/>
    <property name="java.specification.name" value="Java Platform API Specification"/>
    <property name="surefire.real.class.path" value="C:\Users\Marcin\AppData\Local\Temp\surefire8648521989416145286\surefirebooter5009750527087712979.jar"/>
    <property name="user.script" value=""/>
    <property name="sun.management.compiler" value="HotSpot 64-Bit Tiered Compilers"/>
    <property name="java.runtime.version" value="17+35-2724"/>
    <property name="user.name" value="Marcin"/>
    <property name="path.separator" value=";"/>
    <property name="os.version" value="10.0"/>
    <property name="java.runtime.name" value="OpenJDK Runtime Environment"/>
    <property name="file.encoding" value="Cp1250"/>
    <property name="java.vm.name" value="OpenJDK 64-Bit Server VM"/>
    <property name="localRepository" value="C:\Users\Marcin\.m2\repository"/>
    <property name="java.vendor.url.bug" value="https://bugreport.java.com/bugreport/"/>
    <property name="java.io.tmpdir" value="C:\Users\Marcin\AppData\Local\Temp\"/>
    <property name="java.version" value="17"/>
    <property name="user.dir" value="C:\Users\Marcin\Desktop\Studia\Semestr4\kryptografia\Kryptografia\Zad1"/>
    <property name="os.arch" value="amd64"/>
    <property name="java.vm.specification.name" value="Java Virtual Machine Specification"/>
    <property name="sun.os.patch.level" value=""/>
    <property name="native.encoding" value="Cp1250"/>
    <property name="java.library.path" value="C:\Program Files\jdk-17\bin;C:\Windows\Sun\Java\bin;C:\Windows\system32;C:\Windows;C:\msys64\usr\bin;C:\Windows\system32;C:\Windows;C:\Windows\System32\Wbem;C:\Windows\System32\WindowsPowerShell\v1.0\;C:\Windows\System32\OpenSSH\;C:\Program Files (x86)\dotnet\;C:\Program Files\NVIDIA Corporation\NVIDIA NvDLISR;C:\Program Files\dotnet\;C:\Program Files\jdk-17\bin;C:\Program Files\apache-maven-3.8.6\bin;C:\Program Files\Microsoft SQL Server\Client SDK\ODBC\170\Tools\Binn\;C:\Program Files (x86)\Microsoft SQL Server\150\Tools\Binn\;C:\Program Files\Microsoft SQL Server\150\Tools\Binn\;C:\Program Files\Microsoft SQL Server\150\DTS\Binn\;C:\Program Files\Azure Data Studio\bin;C:\Program Files (x86)\NVIDIA Corporation\PhysX\Common;C:\Users\Marcin\AppData\Local\Programs\Python\Python311\Scripts\;C:\Users\Marcin\AppData\Local\Programs\Python\Python311\;C:\Users\Marcin\AppData\Local\Microsoft\WindowsApps;C:\Program Files\JetBrains\IntelliJ IDEA 2022.2.3\bin;;C:\msys64\usr\bin;;C:\Users\Marcin\AppData\Local\Programs\Microsoft VS Code\bin;C:\Program Files\Azure Data Studio\bin;C:\Program Files\JetBrains\WebStorm 2022.3.1\bin;;C:\Users\Marcin\.dotnet\tools;."/>
    <property name="java.vm.info" value="mixed mode, sharing"/>
    <property name="java.vendor" value="Oracle Corporation"/>
    <property name="java.vm.version" value="17+35-2724"/>
    <property name="sun.io.unicode.encoding" value="UnicodeLittle"/>
    <property name="java.class.version" value="61.0"/>
  </properties>
  <testcase name="reverseKeyTest" classname="kryptografia.AESTest" time="0.019">
    <system-out><![CDATA[[[63, 63, 63, 63], [63, 63, 63, 63], [63, 63, 63, 63], [116, 117, 117, 117], [75, 74, 74, 74], [116, 117, 117, 117], [63, 63, 63, 63], [97, 99, 99, 99], [42, 41, 41, 41], [94, 92, 92, 92], [0, 0, 0, 0], [103, 99, 99, 99], [77, 74, 74, 74], [19, 22, 22, 22], [116, 117, 117, 117], [107, 99, 99, 99], [38, 41, 41, 41], [53, 63, 63, 63], [42, 41, 41, 41], [115, 99, 99, 99], [85, 74, 74, 74], [96, 117, 117, 117], [57, 63, 63, 63], [67, 99, 99, 99], [22, 41, 41, 41], [118, 92, 92, 92], [12, 0, 0, 0], [35, 99, 99, 99], [53, 74, 74, 74], [67, 22, 22, 22], [108, 117, 117, 117], [-29, 99, 99, 99], [-42, 41, 41, 41], [-107, 63, 63, 63], [26, 41, 41, 41], [99, 99, 99, 99], [-75, 74, 74, 74], [32, 117, 117, 117], [89, 63, 63, 63], [99, 99, 99, 99], [-42, 41, 41, 41], [-10, 92, 92, 92], [-52, 0, 0, 0], [0, 0, 0, 0]]
[[-42, 41, 41, 41], [-10, 92, 92, 92], [-52, 0, 0, 0], [0, 0, 0, 0], [-75, 74, 74, 74], [32, 117, 117, 117], [89, 63, 63, 63], [99, 99, 99, 99], [-42, 41, 41, 41], [-107, 63, 63, 63], [26, 41, 41, 41], [99, 99, 99, 99], [53, 74, 74, 74], [67, 22, 22, 22], [108, 117, 117, 117], [-29, 99, 99, 99], [22, 41, 41, 41], [118, 92, 92, 92], [12, 0, 0, 0], [35, 99, 99, 99], [85, 74, 74, 74], [96, 117, 117, 117], [57, 63, 63, 63], [67, 99, 99, 99], [38, 41, 41, 41], [53, 63, 63, 63], [42, 41, 41, 41], [115, 99, 99, 99], [77, 74, 74, 74], [19, 22, 22, 22], [116, 117, 117, 117], [107, 99, 99, 99], [42, 41, 41, 41], [94, 92, 92, 92], [0, 0, 0, 0], [103, 99, 99, 99], [75, 74, 74, 74], [116, 117, 117, 117], [63, 63, 63, 63], [97, 99, 99, 99], [63, 63, 63, 63], [63, 63, 63, 63], [63, 63, 63, 63], [116, 117, 117, 117]]
]]></system-out>
  </testcase>
  <testcase name="shiftRowsTest" classname="kryptografia.AESTest" time="0.003">
    <system-out><![CDATA[[0, 5, 10, 15, 4, 9, 14, 3, 8, 13, 2, 7, 12, 1, 6, 11]
]]></system-out>
  </testcase>
  <testcase name="shiftArrayRightTest" classname="kryptografia.AESTest" time="0">
    <system-out><![CDATA[[3, 0, 1, 2]
[2, 3, 0, 1]
[1, 2, 3, 0]
]]></system-out>
  </testcase>
  <testcase name="decryptTest" classname="kryptografia.AESTest" time="0.002">
    <system-out><![CDATA[[0, 1, 2, 3, 4, 5, 6, 7, 8, 9, 10, 11, 12, 13, 14, 15]
[-119, -49, 47, 71, 124, 119, -82, -69, 102, 21, 36, -27, 86, 30, 12, -78]
DECRYPTION:
[0, 1, 2, 3, 4, 5, 6, 7, 8, 9, 10, 11, 12, 13, 14, 15]
]]></system-out>
  </testcase>
  <testcase name="encryptTest" classname="kryptografia.AESTest" time="0.002">
    <system-out><![CDATA[[0, 1, 2, 3, 4, 5, 6, 7, 8, 9, 10, 11, 12, 13, 14, 15]
[-119, -49, 47, 71, 124, 119, -82, -69, 102, 21, 36, -27, 86, 30, 12, -78]
[0, 1, 2, 3, 4, 5, 6, 7, 8, 9, 10, 11, 12, 13, 14, 15]
[-119, -49, 47, 71, 124, 119, -82, -69, 102, 21, 36, -27, 86, 30, 12, -78]
[0, 1, 2, 3, 4, 5, 6, 7, 8, 9, 10, 11, 12, 13, 14, 16]
[-41, 34, 9, 40, -34, 29, 85, -30, -105, -95, -87, 107, -101, -128, -86, 11]
]]></system-out>
  </testcase>
  <testcase name="shiftArrayLeftTest" classname="kryptografia.AESTest" time="0.001">
    <system-out><![CDATA[[1, 2, 3, 0]
[2, 3, 0, 1]
[3, 0, 1, 2]
]]></system-out>
  </testcase>
  <testcase name="encodeDecodeTest" classname="kryptografia.AESTest" time="0.004">
    <system-out><![CDATA[[49, 50, 51]
[-104, 19, 6, -74, -6, -123, 13, -8, 93, -47, 106, -116, 95, -94, -83, 33]
[49, 50, 51]
]]></system-out>
  </testcase>
</testsuite>