<?xml version="1.0" encoding="UTF-8"?>
<testsuite xmlns:xsi="http://www.w3.org/2001/XMLSchema-instance" xsi:noNamespaceSchemaLocation="https://maven.apache.org/surefire/maven-surefire-plugin/xsd/surefire-test-report-3.0.xsd" version="3.0" name="kryptografia.SBoxTest" time="0.002" tests="1" errors="0" skipped="0" failures="0">
  <properties>
    <property name="java.specification.version" value="17"/>
    <property name="sun.cpu.isalist" value="amd64"/>
    <property name="sun.jnu.encoding" value="Cp1250"/>
    <property name="java.class.path" value="C:\Users\Marcin\Desktop\Studia\Semestr4\kryptografia\Kryptografia\Zad1\target\test-classes;C:\Users\Marcin\Desktop\Studia\Semestr4\kryptografia\Kryptografia\Zad1\target\classes;C:\Users\Marcin\.m2\repository\org\junit\jupiter\junit-jupiter-engine\5.9.0\junit-jupiter-engine-5.9.0.jar;C:\Users\Marcin\.m2\repository\org\junit\platform\junit-platform-engine\1.9.0\junit-platform-engine-1.9.0.jar;C:\Users\Marcin\.m2\repository\org\opentest4j\opentest4j\1.2.0\opentest4j-1.2.0.jar;C:\Users\Marcin\.m2\repository\org\junit\platform\junit-platform-commons\1.9.0\junit-platform-commons-1.9.0.jar;C:\Users\Marcin\.m2\repository\org\junit\jupiter\junit-jupiter-api\5.9.0\junit-jupiter-api-5.9.0.jar;C:\Users\Marcin\.m2\repository\org\apiguardian\apiguardian-api\1.1.2\apiguardian-api-1.1.2.jar;C:\Users\Marcin\.m2\repository\junit\junit\4.12\junit-4.12.jar;C:\Users\Marcin\.m2\repository\org\hamcrest\hamcrest-core\1.3\hamcrest-core-1.3.jar;C:\Users\Marcin\.m2\repository\org\openjfx\javafx-graphics\14\javafx-graphics-14.jar;C:\Users\Marcin\.m2\repository\org\openjfx\javafx-graphics\14\javafx-graphics-14-win.jar;C:\Users\Marcin\.m2\repository\org\openjfx\javafx-base\14\javafx-base-14.jar;C:\Users\Marcin\.m2\repository\org\openjfx\javafx-base\14\javafx-base-14-win.jar;C:\Users\Marcin\.m2\repository\org\openjfx\javafx-controls\14\javafx-controls-14.jar;C:\Users\Marcin\.m2\repository\org\openjfx\javafx-controls\14\javafx-controls-14-win.jar;C:\Users\Marcin\.m2\repository\org\openjfx\javafx-fxml\16-ea+4\javafx-fxml-16-ea+4.jar;C:\Users\Marcin\.m2\repository\org\openjfx\javafx-fxml\16-ea+4\javafx-fxml-16-ea+4-win.jar;C:\Users\Marcin\.m2\repository\commons-codec\commons-codec\1.11\commons-codec-1.11.jar;C:\Users\Marcin\.m2\repository\org\apache\maven\shared\maven-shared-utils\3.3.3\maven-shared-utils-3.3.3.jar;C:\Users\Marcin\.m2\repository\commons-io\commons-io\2.6\commons-io-2.6.jar;"/>
    <property name="java.vm.vendor" value="Oracle Corporation"/>
    <property name="sun.arch.data.model" value="64"/>
    <property name="user.variant" value=""/>
    <property name="java.vendor.url" value="https://java.oracle.com/"/>
    <property name="user.timezone" value="Europe/Warsaw"/>
    <property name="os.name" value="Windows 10"/>
    <property name="java.vm.specification.version" value="17"/>
    <property name="sun.java.launcher" value="SUN_STANDARD"/>
    <property name="user.country" value="PL"/>
    <property name="sun.boot.library.path" value="C:\Program Files\jdk-17\bin"/>
    <property name="sun.java.command" value="C:\Users\Marcin\AppData\Local\Temp\surefire8648521989416145286\surefirebooter5009750527087712979.jar C:\Users\Marcin\AppData\Local\Temp\surefire8648521989416145286 2023-04-02T00-44-12_334-jvmRun1 surefire13335430762278828874tmp surefire_09490301936599700474tmp"/>
    <property name="jdk.debug" value="release"/>
    <property name="surefire.test.class.path" value="C:\Users\Marcin\Desktop\Studia\Semestr4\kryptografia\Kryptografia\Zad1\target\test-classes;C:\Users\Marcin\Desktop\Studia\Semestr4\kryptografia\Kryptografia\Zad1\target\classes;C:\Users\Marcin\.m2\repository\org\junit\jupiter\junit-jupiter-engine\5.9.0\junit-jupiter-engine-5.9.0.jar;C:\Users\Marcin\.m2\repository\org\junit\platform\junit-platform-engine\1.9.0\junit-platform-engine-1.9.0.jar;C:\Users\Marcin\.m2\repository\org\opentest4j\opentest4j\1.2.0\opentest4j-1.2.0.jar;C:\Users\Marcin\.m2\repository\org\junit\platform\junit-platform-commons\1.9.0\junit-platform-commons-1.9.0.jar;C:\Users\Marcin\.m2\repository\org\junit\jupiter\junit-jupiter-api\5.9.0\junit-jupiter-api-5.9.0.jar;C:\Users\Marcin\.m2\repository\org\apiguardian\apiguardian-api\1.1.2\apiguardian-api-1.1.2.jar;C:\Users\Marcin\.m2\repository\junit\junit\4.12\junit-4.12.jar;C:\Users\Marcin\.m2\repository\org\hamcrest\hamcrest-core\1.3\hamcrest-core-1.3.jar;C:\Users\Marcin\.m2\repository\org\openjfx\javafx-graphics\14\javafx-graphics-14.jar;C:\Users\Marcin\.m2\repository\org\openjfx\javafx-graphics\14\javafx-graphics-14-win.jar;C:\Users\Marcin\.m2\repository\org\openjfx\javafx-base\14\javafx-base-14.jar;C:\Users\Marcin\.m2\repository\org\openjfx\javafx-base\14\javafx-base-14-win.jar;C:\Users\Marcin\.m2\repository\org\openjfx\javafx-controls\14\javafx-controls-14.jar;C:\Users\Marcin\.m2\repository\org\openjfx\javafx-controls\14\javafx-controls-14-win.jar;C:\Users\Marcin\.m2\repository\org\openjfx\javafx-fxml\16-ea+4\javafx-fxml-16-ea+4.jar;C:\Users\Marcin\.m2\repository\org\openjfx\javafx-fxml\16-ea+4\javafx-fxml-16-ea+4-win.jar;C:\Users\Marcin\.m2\repository\commons-codec\commons-codec\1.11\commons-codec-1.11.jar;C:\Users\Marcin\.m2\repository\org\apache\maven\shared\maven-shared-utils\3.3.3\maven-shared-utils-3.3.3.jar;C:\Users\Marcin\.m2\repository\commons-io\commons-io\2.6\commons-io-2.6.jar;"/>
    <property name="sun.cpu.endian" value="little"/>
    <property name="user.home" value="C:\Users\Marcin"/>
    <property name="user.language" value="pl"/>
    <property name="java.specification.vendor" value="Oracle Corporation"/>
    <property name="java.version.date" value="2021-09-14"/>
    <property name="java.home" value="C:\Program Files\jdk-17"/>
    <property name="file.separator" value="\"/>
    <property name="basedir" value="C:\Users\Marcin\Desktop\Studia\Semestr4\kryptografia\Kryptografia\Zad1"/>
    <property name="java.vm.compressedOopsMode" value="Zero based"/>
    <property name="line.separator" value="&#10;"/>
    <property name="java.vm.specification.vendor" value="Oracle Corporation"/>
    <property name="java.specification.name" value="Java Platform API Specification"/>
    <property name="surefire.real.class.path" value="C:\Users\Marcin\AppData\Local\Temp\surefire8648521989416145286\surefirebooter5009750527087712979.jar"/>
    <property name="user.script" value=""/>
    <property name="sun.management.compiler" value="HotSpot 64-Bit Tiered Compilers"/>
    <property name="java.runtime.version" value="17+35-2724"/>
    <property name="user.name" value="Marcin"/>
    <property name="path.separator" value=";"/>
    <property name="os.version" value="10.0"/>
    <property name="java.runtime.name" value="OpenJDK Runtime Environment"/>
    <property name="file.encoding" value="Cp1250"/>
    <property name="java.vm.name" value="OpenJDK 64-Bit Server VM"/>
    <property name="localRepository" value="C:\Users\Marcin\.m2\repository"/>
    <property name="java.vendor.url.bug" value="https://bugreport.java.com/bugreport/"/>
    <property name="java.io.tmpdir" value="C:\Users\Marcin\AppData\Local\Temp\"/>
    <property name="java.version" value="17"/>
    <property name="user.dir" value="C:\Users\Marcin\Desktop\Studia\Semestr4\kryptografia\Kryptografia\Zad1"/>
    <property name="os.arch" value="amd64"/>
    <property name="java.vm.specification.name" value="Java Virtual Machine Specification"/>
    <property name="sun.os.patch.level" value=""/>
    <property name="native.encoding" value="Cp1250"/>
    <property name="java.library.path" value="C:\Program Files\jdk-17\bin;C:\Windows\Sun\Java\bin;C:\Windows\system32;C:\Windows;C:\msys64\usr\bin;C:\Windows\system32;C:\Windows;C:\Windows\System32\Wbem;C:\Windows\System32\WindowsPowerShell\v1.0\;C:\Windows\System32\OpenSSH\;C:\Program Files (x86)\dotnet\;C:\Program Files\NVIDIA Corporation\NVIDIA NvDLISR;C:\Program Files\dotnet\;C:\Program Files\jdk-17\bin;C:\Program Files\apache-maven-3.8.6\bin;C:\Program Files\Microsoft SQL Server\Client SDK\ODBC\170\Tools\Binn\;C:\Program Files (x86)\Microsoft SQL Server\150\Tools\Binn\;C:\Program Files\Microsoft SQL Server\150\Tools\Binn\;C:\Program Files\Microsoft SQL Server\150\DTS\Binn\;C:\Program Files\Azure Data Studio\bin;C:\Program Files (x86)\NVIDIA Corporation\PhysX\Common;C:\Users\Marcin\AppData\Local\Programs\Python\Python311\Scripts\;C:\Users\Marcin\AppData\Local\Programs\Python\Python311\;C:\Users\Marcin\AppData\Local\Microsoft\WindowsApps;C:\Program Files\JetBrains\IntelliJ IDEA 2022.2.3\bin;;C:\msys64\usr\bin;;C:\Users\Marcin\AppData\Local\Programs\Microsoft VS Code\bin;C:\Program Files\Azure Data Studio\bin;C:\Program Files\JetBrains\WebStorm 2022.3.1\bin;;C:\Users\Marcin\.dotnet\tools;."/>
    <property name="java.vm.info" value="mixed mode, sharing"/>
    <property name="java.vendor" value="Oracle Corporation"/>
    <property name="java.vm.version" value="17+35-2724"/>
    <property name="sun.io.unicode.encoding" value="UnicodeLittle"/>
    <property name="java.class.version" value="61.0"/>
  </properties>
  <testcase name="translateTest" classname="kryptografia.SBoxTest" time="0.002"/>
</testsuite>